<?xml version="1.0" encoding="UTF-8"?>
<!-- Generated by org.testng.reporters.JUnitReportReporter -->
<testsuite hostname="DESKTOP-OB8BAPB" failures="0" tests="2" name="com.W3Schools.test.LoginTest" time="75.868" errors="0" timestamp="2023-08-18T11:25:47 IST" skipped="0">
  <testcase classname="com.W3Schools.test.LoginTest" name="loginWithInvalidEmail" time="58.328"/>
  <system-out/>
  <testcase classname="com.W3Schools.test.LoginTest" name="loginWithValidCredentials" time="17.540"/>
  <system-out/>
</testsuite> <!-- com.W3Schools.test.LoginTest -->
