<?xml version="1.0" encoding="UTF-8"?>
<!-- Generated by org.testng.reporters.JUnitReportReporter -->
<testsuite hostname="DESKTOP-OB8BAPB" failures="0" tests="1" name="com.W3Schools.test.MyLearningTest" time="28.971" errors="0" timestamp="2023-08-22T16:34:40 IST" skipped="0">
  <testcase classname="com.W3Schools.test.MyLearningTest" name="validatingMyLearning" time="28.971"/>
  <system-out/>
</testsuite> <!-- com.W3Schools.test.MyLearningTest -->
