<?xml version="1.0" encoding="UTF-8"?>
<!-- Generated by org.testng.reporters.JUnitReportReporter -->
<testsuite hostname="DESKTOP-OB8BAPB" failures="0" tests="1" name="com.W3Schools.test.LoginTest" time="18.487" errors="0" timestamp="2023-08-22T15:32:53 IST" skipped="0">
  <testcase classname="com.W3Schools.test.LoginTest" name="loginWithValidCredentials" time="18.487"/>
  <system-out/>
</testsuite> <!-- com.W3Schools.test.LoginTest -->
