<?xml version="1.0" encoding="UTF-8"?>
<!-- Generated by org.testng.reporters.JUnitReportReporter -->
<testsuite hostname="DESKTOP-OB8BAPB" failures="0" tests="1" name="com.W3Schools.test.ProfileTest" time="123.814" errors="0" timestamp="2023-08-28T10:59:48 IST" skipped="0">
  <testcase classname="com.W3Schools.test.ProfileTest" name="profilePage" time="123.814"/>
  <system-out/>
</testsuite> <!-- com.W3Schools.test.ProfileTest -->
