<?xml version="1.0" encoding="UTF-8"?>
<!-- Generated by org.testng.reporters.JUnitReportReporter -->
<testsuite hostname="DESKTOP-OB8BAPB" failures="0" tests="1" name="com.W3Schools.test.CertificateTest" time="69.382" errors="0" timestamp="2023-08-22T16:44:41 IST" skipped="0">
  <testcase classname="com.W3Schools.test.CertificateTest" name="clickOnCertiFicates" time="69.382"/>
  <system-out/>
</testsuite> <!-- com.W3Schools.test.CertificateTest -->
