<?xml version="1.0" encoding="UTF-8"?>
<!-- Generated by org.testng.reporters.JUnitReportReporter -->
<testsuite hostname="DESKTOP-OB8BAPB" failures="0" tests="2" name="com.W3Schools.test.LoginTest" time="80.110" errors="0" timestamp="2023-08-17T16:23:08 IST" skipped="0">
  <testcase classname="com.W3Schools.test.LoginTest" name="loginWithValidCredentials" time="20.231"/>
  <system-out/>
  <testcase classname="com.W3Schools.test.LoginTest" name="loginWithInvalidEmail" time="59.879"/>
  <system-out/>
</testsuite> <!-- com.W3Schools.test.LoginTest -->
